<?xml version="1.0" encoding="UTF-8"?>
<!-- Generated by org.testng.reporters.JUnitReportReporter -->
<testsuite hostname="DESKTOP-OB26HJQ" failures="0" tests="1" name="effort_walid.LON137LON32" time="11.274" errors="0" timestamp="2023-10-05T13:57:16 EDT" skipped="0">
  <testcase classname="effort_walid.LON137LON32" name="PIMModuleConfigurationDropdown" time="11.274"/>
</testsuite> <!-- effort_walid.LON137LON32 -->
