<?xml version="1.0" encoding="UTF-8"?>
<!-- Generated by org.testng.reporters.JUnitReportReporter -->
<testsuite hostname="DESKTOP-OB26HJQ" failures="0" tests="1" name="effort_walid.LON140LON38" time="30.082" errors="0" timestamp="2023-10-06T00:39:45 EDT" skipped="0">
  <testcase classname="effort_walid.LON140LON38" name="PIMTestingReports" time="30.082"/>
</testsuite> <!-- effort_walid.LON140LON38 -->
