<?xml version="1.0" encoding="UTF-8"?>
<!-- Generated by org.testng.reporters.JUnitReportReporter -->
<testsuite hostname="aziza" failures="0" tests="1" name="effort_alex.MyInfo_ReportToFunction" time="9.217" errors="0" timestamp="2023-10-04T16:46:51 EDT" skipped="0">
  <testcase classname="effort_alex.MyInfo_ReportToFunction" name="reportToContent" time="9.217"/>
</testsuite> <!-- effort_alex.MyInfo_ReportToFunction -->
