<?xml version="1.0" encoding="UTF-8"?>
<!-- Generated by org.testng.reporters.JUnitReportReporter -->
<testsuite hostname="aziza" failures="0" tests="1" name="effort_alex.MyInfo_JobFunction" time="10.741" errors="0" timestamp="2023-10-04T16:18:10 EDT" skipped="0">
  <testcase classname="effort_alex.MyInfo_JobFunction" name="contractDetailsContent" time="10.741"/>
</testsuite> <!-- effort_alex.MyInfo_JobFunction -->
