<?xml version="1.0" encoding="UTF-8"?>
<!-- Generated by org.testng.reporters.JUnitReportReporter -->
<testsuite hostname="aziza" failures="0" tests="1" name="effort_alex.OrangeHRM_TestingLogin" time="8.570" errors="0" timestamp="2023-10-04T15:42:57 EDT" skipped="0">
  <testcase classname="effort_alex.OrangeHRM_TestingLogin" name="loginValidUserNameValidPassword" time="8.570"/>
</testsuite> <!-- effort_alex.OrangeHRM_TestingLogin -->
