<?xml version="1.0" encoding="UTF-8"?>
<!-- Generated by org.testng.reporters.JUnitReportReporter -->
<testsuite hostname="DESKTOP-L0LR9TL" failures="0" tests="5" name="effort_ever.DirectoryModuleEver" time="58.731" errors="0" timestamp="2023-10-06T01:57:09 EDT" skipped="0">
  <testcase classname="effort_ever.DirectoryModuleEver" name="TestingEmployee3NameSearchFunctionWithValidEmployeeName" time="12.457"/>
  <testcase classname="effort_ever.DirectoryModuleEver" name="TestingEmployee1NameWithValidEmployeeNameAndInvalidJobTitle" time="12.141"/>
  <testcase classname="effort_ever.DirectoryModuleEver" name="TestingEmployee2JobTittleFunction" time="14.267"/>
  <testcase classname="effort_ever.DirectoryModuleEver" name="TestingEmployee5LocationSearchFunction" time="9.744"/>
  <testcase classname="effort_ever.DirectoryModuleEver" name="TestingEmployee4NameSearchFunctionWithInvalidEmployeeName" time="10.122"/>
</testsuite> <!-- effort_ever.DirectoryModuleEver -->
