<?xml version="1.0" encoding="UTF-8"?>
<!-- Generated by org.testng.reporters.JUnitReportReporter -->
<testsuite hostname="DESKTOP-L0LR9TL" failures="0" tests="5" name="effort_ever.DirectoryModuleEver" time="60.203" errors="0" timestamp="2023-10-06T01:19:38 EDT" skipped="0">
  <testcase classname="effort_ever.DirectoryModuleEver" name="TestingEmployee1NameWithValidEmployeeNameAndInvalidJobTitle" time="13.973"/>
  <testcase classname="effort_ever.DirectoryModuleEver" name="TestingEmployee5LocationSearchFunction" time="9.641"/>
  <testcase classname="effort_ever.DirectoryModuleEver" name="TestingEmployee4NameSearchFunctionWithInvalidEmployeeName" time="11.571"/>
  <testcase classname="effort_ever.DirectoryModuleEver" name="TestingEmployee2JobTittleFunction" time="13.400"/>
  <testcase classname="effort_ever.DirectoryModuleEver" name="TestingEmployee3NameSearchFunctionWithValidEmployeeName" time="11.618"/>
</testsuite> <!-- effort_ever.DirectoryModuleEver -->
