<?xml version="1.0" encoding="UTF-8"?>
<!-- Generated by org.testng.reporters.JUnitReportReporter -->
<testsuite hostname="aziza" failures="0" tests="1" name="effort_aziza.TestingConfigureTab" time="20.584" errors="0" timestamp="2023-10-09T01:58:26 EDT" skipped="0">
  <testcase classname="effort_aziza.TestingConfigureTab" name="test5MyTracker" time="20.584"/>
</testsuite> <!-- effort_aziza.TestingConfigureTab -->
