<?xml version="1.0" encoding="UTF-8"?>
<!-- Generated by org.testng.reporters.JUnitReportReporter -->
<testsuite hostname="Alexanders-MBP" failures="0" tests="1" name="effort_alex.OrangeHRM_TestingLogin" time="7.109" errors="0" timestamp="2023-09-28T18:11:13 EDT" skipped="0">
  <testcase classname="effort_alex.OrangeHRM_TestingLogin" name="loginValidUserNameValidPassword" time="7.109"/>
</testsuite> <!-- effort_alex.OrangeHRM_TestingLogin -->
