<?xml version="1.0" encoding="UTF-8"?>
<!-- Generated by org.testng.reporters.JUnitReportReporter -->
<testsuite hostname="aziza" failures="0" tests="1" name="effort_aziza.TestingPerforamnceModule" time="23.216" errors="0" timestamp="2023-10-09T00:47:00 EDT" skipped="0">
  <testcase classname="effort_aziza.TestingPerforamnceModule" name="loginWithValidUsernameAndPassword" time="23.216"/>
</testsuite> <!-- effort_aziza.TestingPerforamnceModule -->
