<?xml version="1.0" encoding="UTF-8"?>
<!-- Generated by org.testng.reporters.JUnitReportReporter -->
<testsuite hostname="DESKTOP-OB26HJQ" failures="0" tests="1" name="effort_walid.LON138LON35" time="10.881" errors="0" timestamp="2023-10-05T15:15:19 EDT" skipped="0">
  <testcase classname="effort_walid.LON138LON35" name="PIMModuleConfigurationDropdown" time="10.881"/>
</testsuite> <!-- effort_walid.LON138LON35 -->
