<?xml version="1.0" encoding="UTF-8"?>
<!-- Generated by org.testng.reporters.JUnitReportReporter -->
<testsuite hostname="DESKTOP-OB26HJQ" failures="0" tests="1" name="effort_walid.LON136LON28" time="93.068" errors="0" timestamp="2023-10-04T18:44:13 EDT" skipped="0">
  <testcase classname="effort_walid.LON136LON28" name="loginValidUserNameValidPassword" time="93.068"/>
</testsuite> <!-- effort_walid.LON136LON28 -->
